app/build/intermediates/manifest_merge_blame_file/release/manifest-merger-blame-release-report.txt
1<?xml version="1.0" encoding="utf-8"?>
2<manifest xmlns:android="http://schemas.android.com/apk/res/android"
3    package="droid.fuel"
4    android:versionCode="20"
5    android:versionName="2.0.0" >
6
7    <uses-sdk
7-->src\main\AndroidManifest.xml:6:5-44
8        android:minSdkVersion="29"
8-->src\main\AndroidManifest.xml:6:15-41
9        android:targetSdkVersion="29" />
9-->src\main\AndroidManifest.xml:6:5-44
10
11    <uses-permission android:name="android.permission.INTERNET" />
11-->src\main\AndroidManifest.xml:23:2-63
11-->src\main\AndroidManifest.xml:23:19-61
12    <uses-permission android:name="android.permission.ACCESS_NETWORK_STATE" />
12-->src\main\AndroidManifest.xml:24:2-75
12-->src\main\AndroidManifest.xml:24:19-73
13
14    <application
14-->src\main\AndroidManifest.xml:7:5-22:19
15        android:extractNativeLibs="false"
16        android:icon="@drawable/droid_fuel"
16-->src\main\AndroidManifest.xml:8:9-44
17        android:label="@string/app_name" >
17-->src\main\AndroidManifest.xml:9:9-41
18        <meta-data
18-->src\main\AndroidManifest.xml:10:5-117
19            android:name="com.google.android.gms.version"
19-->src\main\AndroidManifest.xml:10:16-61
20            android:value="@integer/google_play_services_version" />
20-->src\main\AndroidManifest.xml:10:62-115
21
22        <activity
22-->src\main\AndroidManifest.xml:11:9-18:20
23            android:name="droid.fuel.FuelUsageAnalyzerActivity"
23-->src\main\AndroidManifest.xml:12:13-54
24            android:label="@string/app_name" >
24-->src\main\AndroidManifest.xml:13:13-45
25            <intent-filter>
25-->src\main\AndroidManifest.xml:14:13-17:29
26                <action android:name="android.intent.action.MAIN" />
26-->src\main\AndroidManifest.xml:15:17-69
26-->src\main\AndroidManifest.xml:15:25-66
27
28                <category android:name="android.intent.category.LAUNCHER" />
28-->src\main\AndroidManifest.xml:16:17-77
28-->src\main\AndroidManifest.xml:16:27-74
29            </intent-filter>
30        </activity>
31        <activity android:name="droid.fuel.FuelUsageAnalyzerDetailActivity" />
31-->src\main\AndroidManifest.xml:19:9-77
31-->src\main\AndroidManifest.xml:19:19-65
32        <activity android:name="droid.fuel.FuelUsageAnalyzerChartActivity" />
32-->src\main\AndroidManifest.xml:20:9-76
32-->src\main\AndroidManifest.xml:20:19-64
33        <activity
33-->src\main\AndroidManifest.xml:21:9-183
34            android:name="com.google.android.gms.ads.AdActivity"
34-->src\main\AndroidManifest.xml:21:19-71
35            android:configChanges="keyboard|keyboardHidden|orientation|screenLayout|uiMode|screenSize|smallestScreenSize"
35-->src\main\AndroidManifest.xml:21:72-181
36            android:exported="false"
36-->[com.google.android.gms:play-services-ads-lite:15.0.0] AndroidManifest.xml:32:13-37
37            android:theme="@android:style/Theme.Translucent" />
37-->[com.google.android.gms:play-services-ads-lite:15.0.0] AndroidManifest.xml:33:13-61
38
39        <meta-data
39-->[com.android.support:customtabs:26.1.0] AndroidManifest.xml:23:9-25:38
40            android:name="android.support.VERSION"
40-->[com.android.support:customtabs:26.1.0] AndroidManifest.xml:24:13-51
41            android:value="26.1.0" />
41-->[com.android.support:customtabs:26.1.0] AndroidManifest.xml:25:13-35
42        <meta-data
42-->[android.arch.lifecycle:runtime:1.0.0] AndroidManifest.xml:25:9-27:47
43            android:name="android.arch.lifecycle.VERSION"
43-->[android.arch.lifecycle:runtime:1.0.0] AndroidManifest.xml:26:13-58
44            android:value="27.0.0-SNAPSHOT" />
44-->[android.arch.lifecycle:runtime:1.0.0] AndroidManifest.xml:27:13-44
45    </application>
46
47</manifest>